INFO [12-01|16:58:23.239] Maximum peer count                       ETH=50 LES=0 total=50
WARN [12-01|16:58:23.239] The flag --rpc is deprecated and will be removed in the future, please use --http 
WARN [12-01|16:58:23.239] The flag --rpcport is deprecated and will be removed in the future, please use --http.port 
WARN [12-01|16:58:23.239] The flag --rpccorsdomain is deprecated and will be removed in the future, please use --http.corsdomain 
WARN [12-01|16:58:23.239] The flag --rpcapi is deprecated and will be removed in the future, please use --http.api 
INFO [12-01|16:58:23.239] Smartcard socket not found, disabling    err="stat /run/pcscd/pcscd.comm: no such file or directory"
INFO [12-01|16:58:23.240] Set global gas cap                       cap=25000000
INFO [12-01|16:58:23.240] Allocated trie memory caches             clean=256.00MiB dirty=256.00MiB
INFO [12-01|16:58:23.240] Allocated cache and file handles         database=/home/kevin/Projects/Town-Crier/privatenet/node02/geth/chaindata cache=512.00MiB handles=262144
INFO [12-01|16:58:24.483] Opened ancient database                  database=/home/kevin/Projects/Town-Crier/privatenet/node02/geth/chaindata/ancient
INFO [12-01|16:58:24.485] Initialised chain configuration          config="{ChainID: 15 Homestead: 0 DAO: <nil> DAOSupport: false EIP150: 0 EIP155: 0 EIP158: 0 Byzantium: <nil> Constantinople: <nil> Petersburg: <nil> Istanbul: <nil>, Muir Glacier: <nil>, YOLO v2: <nil>, Engine: unknown}"
INFO [12-01|16:58:24.485] Disk storage enabled for ethash caches   dir=/home/kevin/Projects/Town-Crier/privatenet/node02/geth/ethash count=3
INFO [12-01|16:58:24.485] Disk storage enabled for ethash DAGs     dir=/home/kevin/.ethash count=2
INFO [12-01|16:58:24.485] Initialising Ethereum protocol           versions="[65 64 63]" network=1900 dbversion=<nil>
WARN [12-01|16:58:24.485] Upgrade blockchain database version      from=<nil> to=8
INFO [12-01|16:58:24.487] Loaded most recent local header          number=0 hash="f7233b…e9fe85" td=0 age=51y7mo3w
INFO [12-01|16:58:24.487] Loaded most recent local full block      number=0 hash="f7233b…e9fe85" td=0 age=51y7mo3w
INFO [12-01|16:58:24.487] Loaded most recent local fast block      number=0 hash="f7233b…e9fe85" td=0 age=51y7mo3w
INFO [12-01|16:58:24.488] Regenerated local transaction journal    transactions=0 accounts=0
INFO [12-01|16:58:24.511] Allocated fast sync bloom                size=512.00MiB
INFO [12-01|16:58:24.513] Starting peer-to-peer node               instance=Geth/node02/v1.9.24-stable-cc05b050/linux-amd64/go1.15.5
INFO [12-01|16:58:24.519] Initialized fast sync bloom              items=4 errorrate=0.000 elapsed=7.311ms
INFO [12-01|16:58:24.693] New local node record                    seq=1 id=c2db2a0009d8c309 ip=127.0.0.1 udp=0 tcp=30313
INFO [12-01|16:58:24.693] Started P2P networking                   self="enode://14494962520d9bc52c7a120fdec3054d7f680e74d7180163135a83c91734bba202d75c86b740544abbed97ac73279640fe6ccf0a662bd64266ae2cbf131e15fd@127.0.0.1:30313?discport=0"
INFO [12-01|16:58:24.694] IPC endpoint opened                      url=/home/kevin/Projects/Town-Crier/privatenet/node02/geth.ipc
INFO [12-01|16:58:24.694] HTTP server started                      endpoint=127.0.0.1:8001 cors=* vhosts=localhost
INFO [12-01|16:58:24.694] Stats daemon started 
WARN [12-01|16:58:24.695] Stats server unreachable                 err="dial tcp [::1]:3000: connect: connection refused"
WARN [12-01|16:58:34.697] Stats server unreachable                 err="dial tcp [::1]:3000: connect: connection refused"
WARN [12-01|16:58:44.699] Stats server unreachable                 err="dial tcp [::1]:3000: connect: connection refused"
WARN [12-01|16:58:54.700] Stats server unreachable                 err="dial tcp [::1]:3000: connect: connection refused"
INFO [12-01|16:59:01.937] Looking for peers                        peercount=1 tried=1 static=1
WARN [12-01|16:59:04.703] Stats server unreachable                 err="dial tcp [::1]:3000: connect: connection refused"
WARN [12-01|16:59:14.703] Stats server unreachable                 err="dial tcp [::1]:3000: connect: connection refused"
WARN [12-01|16:59:24.704] Stats server unreachable                 err="dial tcp [::1]:3000: connect: connection refused"
WARN [12-01|16:59:34.706] Stats server unreachable                 err="dial tcp [::1]:3000: connect: connection refused"
WARN [12-01|16:59:44.709] Stats server unreachable                 err="dial tcp [::1]:3000: connect: connection refused"
WARN [12-01|16:59:54.710] Stats server unreachable                 err="dial tcp [::1]:3000: connect: connection refused"
WARN [12-01|17:00:04.712] Stats server unreachable                 err="dial tcp [::1]:3000: connect: connection refused"
WARN [12-01|17:00:14.713] Stats server unreachable                 err="dial tcp [::1]:3000: connect: connection refused"
WARN [12-01|17:00:24.713] Stats server unreachable                 err="dial tcp [::1]:3000: connect: connection refused"
WARN [12-01|17:00:34.715] Stats server unreachable                 err="dial tcp [::1]:3000: connect: connection refused"
WARN [12-01|17:00:44.718] Stats server unreachable                 err="dial tcp [::1]:3000: connect: connection refused"
WARN [12-01|17:00:54.720] Stats server unreachable                 err="dial tcp [::1]:3000: connect: connection refused"
WARN [12-01|17:01:04.722] Stats server unreachable                 err="dial tcp [::1]:3000: connect: connection refused"
WARN [12-01|17:01:14.724] Stats server unreachable                 err="dial tcp [::1]:3000: connect: connection refused"
WARN [12-01|17:01:24.727] Stats server unreachable                 err="dial tcp [::1]:3000: connect: connection refused"
WARN [12-01|17:01:34.729] Stats server unreachable                 err="dial tcp [::1]:3000: connect: connection refused"
WARN [12-01|17:01:44.731] Stats server unreachable                 err="dial tcp [::1]:3000: connect: connection refused"
WARN [12-01|17:01:54.733] Stats server unreachable                 err="dial tcp [::1]:3000: connect: connection refused"
WARN [12-01|17:02:04.735] Stats server unreachable                 err="dial tcp [::1]:3000: connect: connection refused"
WARN [12-01|17:02:14.738] Stats server unreachable                 err="dial tcp [::1]:3000: connect: connection refused"
WARN [12-01|17:02:24.740] Stats server unreachable                 err="dial tcp [::1]:3000: connect: connection refused"
WARN [12-01|17:02:34.742] Stats server unreachable                 err="dial tcp [::1]:3000: connect: connection refused"
WARN [12-01|17:02:44.744] Stats server unreachable                 err="dial tcp [::1]:3000: connect: connection refused"
WARN [12-01|17:02:54.746] Stats server unreachable                 err="dial tcp [::1]:3000: connect: connection refused"
WARN [12-01|17:03:04.749] Stats server unreachable                 err="dial tcp [::1]:3000: connect: connection refused"
WARN [12-01|17:03:14.751] Stats server unreachable                 err="dial tcp [::1]:3000: connect: connection refused"
WARN [12-01|17:03:24.753] Stats server unreachable                 err="dial tcp [::1]:3000: connect: connection refused"
WARN [12-01|17:03:34.755] Stats server unreachable                 err="dial tcp [::1]:3000: connect: connection refused"
WARN [12-01|17:03:44.758] Stats server unreachable                 err="dial tcp [::1]:3000: connect: connection refused"
WARN [12-01|17:03:54.760] Stats server unreachable                 err="dial tcp [::1]:3000: connect: connection refused"
WARN [12-01|17:04:04.762] Stats server unreachable                 err="dial tcp [::1]:3000: connect: connection refused"
WARN [12-01|17:04:14.764] Stats server unreachable                 err="dial tcp [::1]:3000: connect: connection refused"
WARN [12-01|17:04:24.766] Stats server unreachable                 err="dial tcp [::1]:3000: connect: connection refused"
WARN [12-01|17:04:34.768] Stats server unreachable                 err="dial tcp [::1]:3000: connect: connection refused"
WARN [12-01|17:04:44.771] Stats server unreachable                 err="dial tcp [::1]:3000: connect: connection refused"
WARN [12-01|17:04:54.773] Stats server unreachable                 err="dial tcp [::1]:3000: connect: connection refused"
WARN [12-01|17:05:04.775] Stats server unreachable                 err="dial tcp [::1]:3000: connect: connection refused"
WARN [12-01|17:05:14.777] Stats server unreachable                 err="dial tcp [::1]:3000: connect: connection refused"
WARN [12-01|17:05:24.779] Stats server unreachable                 err="dial tcp [::1]:3000: connect: connection refused"
WARN [12-01|17:05:34.782] Stats server unreachable                 err="dial tcp [::1]:3000: connect: connection refused"
WARN [12-01|17:05:44.784] Stats server unreachable                 err="dial tcp [::1]:3000: connect: connection refused"
WARN [12-01|17:05:54.786] Stats server unreachable                 err="dial tcp [::1]:3000: connect: connection refused"
WARN [12-01|17:06:04.788] Stats server unreachable                 err="dial tcp [::1]:3000: connect: connection refused"
WARN [12-01|17:06:14.791] Stats server unreachable                 err="dial tcp [::1]:3000: connect: connection refused"
WARN [12-01|17:06:24.793] Stats server unreachable                 err="dial tcp [::1]:3000: connect: connection refused"
WARN [12-01|17:06:34.795] Stats server unreachable                 err="dial tcp [::1]:3000: connect: connection refused"
WARN [12-01|17:06:44.798] Stats server unreachable                 err="dial tcp [::1]:3000: connect: connection refused"
WARN [12-01|17:06:54.800] Stats server unreachable                 err="dial tcp [::1]:3000: connect: connection refused"
WARN [12-01|17:07:04.802] Stats server unreachable                 err="dial tcp [::1]:3000: connect: connection refused"
WARN [12-01|17:07:14.804] Stats server unreachable                 err="dial tcp [::1]:3000: connect: connection refused"
WARN [12-01|17:07:24.805] Stats server unreachable                 err="dial tcp [::1]:3000: connect: connection refused"
WARN [12-01|17:07:34.808] Stats server unreachable                 err="dial tcp [::1]:3000: connect: connection refused"
WARN [12-01|17:07:44.810] Stats server unreachable                 err="dial tcp [::1]:3000: connect: connection refused"
WARN [12-01|17:07:54.811] Stats server unreachable                 err="dial tcp [::1]:3000: connect: connection refused"
WARN [12-01|17:08:04.814] Stats server unreachable                 err="dial tcp [::1]:3000: connect: connection refused"
WARN [12-01|17:08:14.816] Stats server unreachable                 err="dial tcp [::1]:3000: connect: connection refused"
WARN [12-01|17:08:24.818] Stats server unreachable                 err="dial tcp [::1]:3000: connect: connection refused"
WARN [12-01|17:08:34.821] Stats server unreachable                 err="dial tcp [::1]:3000: connect: connection refused"
WARN [12-01|17:08:44.823] Stats server unreachable                 err="dial tcp [::1]:3000: connect: connection refused"
WARN [12-01|17:08:54.825] Stats server unreachable                 err="dial tcp [::1]:3000: connect: connection refused"
WARN [12-01|17:09:04.826] Stats server unreachable                 err="dial tcp [::1]:3000: connect: connection refused"
WARN [12-01|17:09:14.827] Stats server unreachable                 err="dial tcp [::1]:3000: connect: connection refused"
WARN [12-01|17:09:24.827] Stats server unreachable                 err="dial tcp [::1]:3000: connect: connection refused"
WARN [12-01|17:09:34.829] Stats server unreachable                 err="dial tcp [::1]:3000: connect: connection refused"
WARN [12-01|17:09:44.831] Stats server unreachable                 err="dial tcp [::1]:3000: connect: connection refused"
WARN [12-01|17:09:54.834] Stats server unreachable                 err="dial tcp [::1]:3000: connect: connection refused"
WARN [12-01|17:10:04.836] Stats server unreachable                 err="dial tcp [::1]:3000: connect: connection refused"
WARN [12-01|17:10:14.838] Stats server unreachable                 err="dial tcp [::1]:3000: connect: connection refused"
WARN [12-01|17:10:24.841] Stats server unreachable                 err="dial tcp [::1]:3000: connect: connection refused"
WARN [12-01|17:10:34.843] Stats server unreachable                 err="dial tcp [::1]:3000: connect: connection refused"
WARN [12-01|17:10:44.845] Stats server unreachable                 err="dial tcp [::1]:3000: connect: connection refused"
WARN [12-01|17:10:54.847] Stats server unreachable                 err="dial tcp [::1]:3000: connect: connection refused"
WARN [12-01|17:11:04.849] Stats server unreachable                 err="dial tcp [::1]:3000: connect: connection refused"
WARN [12-01|17:11:14.851] Stats server unreachable                 err="dial tcp [::1]:3000: connect: connection refused"
WARN [12-01|17:11:24.853] Stats server unreachable                 err="dial tcp [::1]:3000: connect: connection refused"
WARN [12-01|17:11:34.856] Stats server unreachable                 err="dial tcp [::1]:3000: connect: connection refused"
WARN [12-01|17:11:44.858] Stats server unreachable                 err="dial tcp [::1]:3000: connect: connection refused"
WARN [12-01|17:11:54.859] Stats server unreachable                 err="dial tcp [::1]:3000: connect: connection refused"
WARN [12-01|17:12:04.861] Stats server unreachable                 err="dial tcp [::1]:3000: connect: connection refused"
